<?xml version="1.0" encoding="UTF-8"?>
<!-- Generated by org.testng.reporters.JUnitXMLReporter -->
<testsuite ignored="0" hostname="MacBook-Pro.local" failures="3" tests="4" name="Command line test" time="3.425" errors="0" timestamp="2021-09-27T21:35:05 EDT">
  <testcase classname="RestTest" name="day2TestingUsingPOST" time="2.576">
    <failure type="java.lang.AssertionError" message="expected [2] but found [763]">
      <![CDATA[java.lang.AssertionError: expected [2] but found [763]
at RestTest.day2TestingUsingPOST(RestTest.java:50)
at java.base/java.util.ArrayList.forEach(ArrayList.java:1511)
... Removed 43 stack frames]]>
    </failure>
  </testcase> <!-- day2TestingUsingPOST -->
  <testcase classname="RestTest" name="testingGet" time="0.544"/>
  <testcase classname="RestTest" name="testingGet" time="0.0">
    <failure type="org.testng.TestNGException" message="
Cannot inject @Test annotated Method [testingGet] with [class java.lang.String].
For more information on native dependency injection please refer to https://testng.org/doc/documentation-main.html#native-dependency-injection">
      <![CDATA[org.testng.TestNGException: 
Cannot inject @Test annotated Method [testingGet] with [class java.lang.String].
For more information on native dependency injection please refer to https://testng.org/doc/documentation-main.html#native-dependency-injection
at java.base/java.util.ArrayList.forEach(ArrayList.java:1511)
... Removed 36 stack frames]]>
    </failure>
  </testcase> <!-- testingGet -->
  <testcase classname="Rest2Test" name="day2TestingUsingPOST" time="0.275">
    <failure type="java.lang.AssertionError" message="expected [2] but found [428]">
      <![CDATA[java.lang.AssertionError: expected [2] but found [428]
at Rest2Test.day2TestingUsingPOST(Rest2Test.java:27)
at java.base/java.util.ArrayList.forEach(ArrayList.java:1511)
... Removed 43 stack frames]]>
    </failure>
  </testcase> <!-- day2TestingUsingPOST -->
</testsuite> <!-- Command line test -->
